[debug] [2022-12-02T13:23:32.213Z] ----------------------------------------------------------------------
[debug] [2022-12-02T13:23:32.216Z] Command:       C:\Program Files\nodejs\node.exe C:\Users\user\AppData\Roaming\npm\node_modules\firebase-tools\lib\bin\firebase.js deploy
[debug] [2022-12-02T13:23:32.217Z] CLI Version:   11.16.0
[debug] [2022-12-02T13:23:32.217Z] Platform:      win32
[debug] [2022-12-02T13:23:32.217Z] Node Version:  v16.16.0
[debug] [2022-12-02T13:23:32.219Z] Time:          Fri Dec 02 2022 19:23:32 GMT+0600 (Bangladesh Standard Time)
[debug] [2022-12-02T13:23:32.219Z] ----------------------------------------------------------------------
[debug] 
[debug] [2022-12-02T13:23:32.322Z] > command requires scopes: ["email","openid","https://www.googleapis.com/auth/cloudplatformprojects.readonly","https://www.googleapis.com/auth/firebase","https://www.googleapis.com/auth/cloud-platform"]
[debug] [2022-12-02T13:23:32.323Z] > authorizing via signed-in user (ahmednafisa11@gmail.com)
[debug] [2022-12-02T13:23:32.323Z] [iam] checking project selby-78bd2 for permissions ["firebase.projects.get","firebasehosting.sites.update"]
[debug] [2022-12-02T13:23:32.328Z] >>> [apiv2][query] POST https://cloudresourcemanager.googleapis.com/v1/projects/selby-78bd2:testIamPermissions [none]
[debug] [2022-12-02T13:23:32.328Z] >>> [apiv2][(partial)header] POST https://cloudresourcemanager.googleapis.com/v1/projects/selby-78bd2:testIamPermissions x-goog-quota-user=projects/selby-78bd2
[debug] [2022-12-02T13:23:32.329Z] >>> [apiv2][body] POST https://cloudresourcemanager.googleapis.com/v1/projects/selby-78bd2:testIamPermissions {"permissions":["firebase.projects.get","firebasehosting.sites.update"]}
[debug] [2022-12-02T13:23:35.173Z] <<< [apiv2][status] POST https://cloudresourcemanager.googleapis.com/v1/projects/selby-78bd2:testIamPermissions 200
[debug] [2022-12-02T13:23:35.173Z] <<< [apiv2][body] POST https://cloudresourcemanager.googleapis.com/v1/projects/selby-78bd2:testIamPermissions {"permissions":["firebase.projects.get","firebasehosting.sites.update"]}
[debug] [2022-12-02T13:23:35.174Z] >>> [apiv2][query] GET https://firebase.googleapis.com/v1beta1/projects/selby-78bd2 [none]
[debug] [2022-12-02T13:23:36.583Z] <<< [apiv2][status] GET https://firebase.googleapis.com/v1beta1/projects/selby-78bd2 200
[debug] [2022-12-02T13:23:36.583Z] <<< [apiv2][body] GET https://firebase.googleapis.com/v1beta1/projects/selby-78bd2 {"projectId":"selby-78bd2","projectNumber":"635339043858","displayName":"selby","name":"projects/selby-78bd2","resources":{"hostingSite":"selby-78bd2"},"state":"ACTIVE","etag":"1_f145b684-2693-49a6-b529-021cb8ba5b7a"}
[info] 
[info] === Deploying to 'selby-78bd2'...
[info] 
[info] i  deploying hosting 
[debug] [2022-12-02T13:23:36.599Z] >>> [apiv2][query] POST https://firebasehosting.googleapis.com/v1beta1/projects/-/sites/selby-78bd2/versions [none]
[debug] [2022-12-02T13:23:36.600Z] >>> [apiv2][body] POST https://firebasehosting.googleapis.com/v1beta1/projects/-/sites/selby-78bd2/versions {"status":"CREATED","labels":{"deployment-tool":"cli-firebase"}}
[debug] [2022-12-02T13:23:38.521Z] <<< [apiv2][status] POST https://firebasehosting.googleapis.com/v1beta1/projects/-/sites/selby-78bd2/versions 200
[debug] [2022-12-02T13:23:38.522Z] <<< [apiv2][body] POST https://firebasehosting.googleapis.com/v1beta1/projects/-/sites/selby-78bd2/versions {"name":"projects/635339043858/sites/selby-78bd2/versions/51840a67b0442c20","status":"CREATED","config":{},"labels":{"deployment-tool":"cli-firebase"}}
[info] i  hosting[selby-78bd2]: beginning deploy... 
[info] i  hosting[selby-78bd2]: found 18 files in build 
[debug] [2022-12-02T13:23:38.550Z] [hosting] uploading with 200 concurrency
[debug] [2022-12-02T13:23:38.551Z] [hosting] hash cache [YnVpbGQ] not populated
[debug] [2022-12-02T13:23:39.031Z] [hosting] hash cache [YnVpbGQ] stored for 18 files
[debug] [2022-12-02T13:23:39.031Z] [hosting][hash queue][FINAL] {"max":469,"min":28,"avg":62.666666666666664,"active":0,"complete":18,"success":18,"errored":0,"retried":0,"total":18,"elapsed":478}
[debug] [2022-12-02T13:23:39.032Z] >>> [apiv2][query] POST https://firebasehosting.googleapis.com/v1beta1/projects/635339043858/sites/selby-78bd2/versions/51840a67b0442c20:populateFiles [none]
[debug] [2022-12-02T13:23:39.032Z] >>> [apiv2][body] POST https://firebasehosting.googleapis.com/v1beta1/projects/635339043858/sites/selby-78bd2/versions/51840a67b0442c20:populateFiles {"files":{"/asset-manifest.json":"0c5b268c2f616948a5bd2ecc91f568658837748a8f1ef5b8d5b7f196a2b903e4","/index.html":"27f3f5308f78322361ac1b2baebbc46f4571fa8d89068d6edbc0afa44e9bfaff","/manifest.json":"aff3449bdc238776f5d6d967f19ec491b36aed5fb7f23ccff6500736fd58494a","/logo192.png":"3ee59515172ee198f3be375979df15ac5345183e656720a381b8872b2a39dc8b","/robots.txt":"bfe106a3fb878dc83461c86818bf74fc1bdc7f28538ba613cd3e775516ce8b49","/logo512.png":"ee7e2f3fdb8209c4b6fd7bef6ba50d1b9dba30a25bb5c3126df057e1cb6f5331","/static/js/787.fe580167.chunk.js":"d835b5152f1150a645f13adea7a2319415949f828dc3f08cb509d261a290d4e2","/static/js/787.fe580167.chunk.js.map":"b58816611f8cbafe31df0a9080df2133725ba7b74606b46269d4b1b25ca62108","/static/js/main.1156c569.js.LICENSE.txt":"f621b4e7f4e61953028a8d52b85cfaaac237bfffcb40034341de36786ecc3b16","/static/css/main.2e8db708.css.map":"ad784e1bbf68d53d1d92424f115f5b583614fbf174e5c8ea5689008d9caa6185","/favicon.ico":"9915abe348d2093c57fe51239fd48a380b770b6148bc36ec4dfd16aa62f3d3c3","/static/css/main.2e8db708.css":"30f3919cb5cab38b0d1852b075883e0e8ae42c9730e213e5f3fbab7942bb1c34","/static/media/image.b648e2cc4bc5a6d5fabf.ico":"9915abe348d2093c57fe51239fd48a380b770b6148bc36ec4dfd16aa62f3d3c3","/static/media/dining.98c20a239327320e6c28.jpg":"9a454d157c52671d61262d235d024c9b3b281b325ae7d7bf5e5ed16034f11507","/static/media/bed.31a3b37f18ecc666a462.jpg":"f3a340fe926912236806841d6171af8a0df5c89c22e448afcd3535256b531083","/static/js/main.1156c569.js":"82c9a7a5030088f5502d14c646da3cff9e85e95457a78789a30fcc6c021d57eb","/static/media/living.dc01c47b5f5e97526b28.jpg":"bd8e464ecb80e9e8c4bda61a2e724ef99e97883098fa18f0704bc54c7854e9ff","/static/js/main.1156c569.js.map":"63f98b5762dde9d5d283a4c43349080aec2b4996fdb40765f970c73df24b515f"}}
[debug] [2022-12-02T13:23:41.412Z] <<< [apiv2][status] POST https://firebasehosting.googleapis.com/v1beta1/projects/635339043858/sites/selby-78bd2/versions/51840a67b0442c20:populateFiles 200
[debug] [2022-12-02T13:23:41.413Z] <<< [apiv2][body] POST https://firebasehosting.googleapis.com/v1beta1/projects/635339043858/sites/selby-78bd2/versions/51840a67b0442c20:populateFiles {"uploadRequiredHashes":["b58816611f8cbafe31df0a9080df2133725ba7b74606b46269d4b1b25ca62108","d835b5152f1150a645f13adea7a2319415949f828dc3f08cb509d261a290d4e2","f3a340fe926912236806841d6171af8a0df5c89c22e448afcd3535256b531083","ee7e2f3fdb8209c4b6fd7bef6ba50d1b9dba30a25bb5c3126df057e1cb6f5331","82c9a7a5030088f5502d14c646da3cff9e85e95457a78789a30fcc6c021d57eb","ad784e1bbf68d53d1d92424f115f5b583614fbf174e5c8ea5689008d9caa6185","0c5b268c2f616948a5bd2ecc91f568658837748a8f1ef5b8d5b7f196a2b903e4","3ee59515172ee198f3be375979df15ac5345183e656720a381b8872b2a39dc8b","9915abe348d2093c57fe51239fd48a380b770b6148bc36ec4dfd16aa62f3d3c3","30f3919cb5cab38b0d1852b075883e0e8ae42c9730e213e5f3fbab7942bb1c34","9a454d157c52671d61262d235d024c9b3b281b325ae7d7bf5e5ed16034f11507","aff3449bdc238776f5d6d967f19ec491b36aed5fb7f23ccff6500736fd58494a","bd8e464ecb80e9e8c4bda61a2e724ef99e97883098fa18f0704bc54c7854e9ff","f621b4e7f4e61953028a8d52b85cfaaac237bfffcb40034341de36786ecc3b16","bfe106a3fb878dc83461c86818bf74fc1bdc7f28538ba613cd3e775516ce8b49","27f3f5308f78322361ac1b2baebbc46f4571fa8d89068d6edbc0afa44e9bfaff","63f98b5762dde9d5d283a4c43349080aec2b4996fdb40765f970c73df24b515f"],"uploadUrl":"https://upload-firebasehosting.googleapis.com/upload/sites/selby-78bd2/versions/51840a67b0442c20/files"}
[debug] [2022-12-02T13:23:41.428Z] >>> [apiv2][query] POST https://upload-firebasehosting.googleapis.com/upload/sites/selby-78bd2/versions/51840a67b0442c20/files/b58816611f8cbafe31df0a9080df2133725ba7b74606b46269d4b1b25ca62108 [none]
[debug] [2022-12-02T13:23:41.428Z] >>> [apiv2][body] POST https://upload-firebasehosting.googleapis.com/upload/sites/selby-78bd2/versions/51840a67b0442c20/files/b58816611f8cbafe31df0a9080df2133725ba7b74606b46269d4b1b25ca62108 [stream]
[debug] [2022-12-02T13:23:41.431Z] >>> [apiv2][query] POST https://upload-firebasehosting.googleapis.com/upload/sites/selby-78bd2/versions/51840a67b0442c20/files/d835b5152f1150a645f13adea7a2319415949f828dc3f08cb509d261a290d4e2 [none]
[debug] [2022-12-02T13:23:41.431Z] >>> [apiv2][body] POST https://upload-firebasehosting.googleapis.com/upload/sites/selby-78bd2/versions/51840a67b0442c20/files/d835b5152f1150a645f13adea7a2319415949f828dc3f08cb509d261a290d4e2 [stream]
[debug] [2022-12-02T13:23:41.433Z] >>> [apiv2][query] POST https://upload-firebasehosting.googleapis.com/upload/sites/selby-78bd2/versions/51840a67b0442c20/files/f3a340fe926912236806841d6171af8a0df5c89c22e448afcd3535256b531083 [none]
[debug] [2022-12-02T13:23:41.433Z] >>> [apiv2][body] POST https://upload-firebasehosting.googleapis.com/upload/sites/selby-78bd2/versions/51840a67b0442c20/files/f3a340fe926912236806841d6171af8a0df5c89c22e448afcd3535256b531083 [stream]
[debug] [2022-12-02T13:23:41.435Z] >>> [apiv2][query] POST https://upload-firebasehosting.googleapis.com/upload/sites/selby-78bd2/versions/51840a67b0442c20/files/ee7e2f3fdb8209c4b6fd7bef6ba50d1b9dba30a25bb5c3126df057e1cb6f5331 [none]
[debug] [2022-12-02T13:23:41.435Z] >>> [apiv2][body] POST https://upload-firebasehosting.googleapis.com/upload/sites/selby-78bd2/versions/51840a67b0442c20/files/ee7e2f3fdb8209c4b6fd7bef6ba50d1b9dba30a25bb5c3126df057e1cb6f5331 [stream]
[debug] [2022-12-02T13:23:41.437Z] >>> [apiv2][query] POST https://upload-firebasehosting.googleapis.com/upload/sites/selby-78bd2/versions/51840a67b0442c20/files/82c9a7a5030088f5502d14c646da3cff9e85e95457a78789a30fcc6c021d57eb [none]
[debug] [2022-12-02T13:23:41.437Z] >>> [apiv2][body] POST https://upload-firebasehosting.googleapis.com/upload/sites/selby-78bd2/versions/51840a67b0442c20/files/82c9a7a5030088f5502d14c646da3cff9e85e95457a78789a30fcc6c021d57eb [stream]
[debug] [2022-12-02T13:23:41.438Z] >>> [apiv2][query] POST https://upload-firebasehosting.googleapis.com/upload/sites/selby-78bd2/versions/51840a67b0442c20/files/ad784e1bbf68d53d1d92424f115f5b583614fbf174e5c8ea5689008d9caa6185 [none]
[debug] [2022-12-02T13:23:41.439Z] >>> [apiv2][body] POST https://upload-firebasehosting.googleapis.com/upload/sites/selby-78bd2/versions/51840a67b0442c20/files/ad784e1bbf68d53d1d92424f115f5b583614fbf174e5c8ea5689008d9caa6185 [stream]
[debug] [2022-12-02T13:23:41.440Z] >>> [apiv2][query] POST https://upload-firebasehosting.googleapis.com/upload/sites/selby-78bd2/versions/51840a67b0442c20/files/0c5b268c2f616948a5bd2ecc91f568658837748a8f1ef5b8d5b7f196a2b903e4 [none]
[debug] [2022-12-02T13:23:41.441Z] >>> [apiv2][body] POST https://upload-firebasehosting.googleapis.com/upload/sites/selby-78bd2/versions/51840a67b0442c20/files/0c5b268c2f616948a5bd2ecc91f568658837748a8f1ef5b8d5b7f196a2b903e4 [stream]
[debug] [2022-12-02T13:23:41.442Z] >>> [apiv2][query] POST https://upload-firebasehosting.googleapis.com/upload/sites/selby-78bd2/versions/51840a67b0442c20/files/3ee59515172ee198f3be375979df15ac5345183e656720a381b8872b2a39dc8b [none]
[debug] [2022-12-02T13:23:41.442Z] >>> [apiv2][body] POST https://upload-firebasehosting.googleapis.com/upload/sites/selby-78bd2/versions/51840a67b0442c20/files/3ee59515172ee198f3be375979df15ac5345183e656720a381b8872b2a39dc8b [stream]
[debug] [2022-12-02T13:23:41.444Z] >>> [apiv2][query] POST https://upload-firebasehosting.googleapis.com/upload/sites/selby-78bd2/versions/51840a67b0442c20/files/9915abe348d2093c57fe51239fd48a380b770b6148bc36ec4dfd16aa62f3d3c3 [none]
[debug] [2022-12-02T13:23:41.445Z] >>> [apiv2][body] POST https://upload-firebasehosting.googleapis.com/upload/sites/selby-78bd2/versions/51840a67b0442c20/files/9915abe348d2093c57fe51239fd48a380b770b6148bc36ec4dfd16aa62f3d3c3 [stream]
[debug] [2022-12-02T13:23:41.446Z] >>> [apiv2][query] POST https://upload-firebasehosting.googleapis.com/upload/sites/selby-78bd2/versions/51840a67b0442c20/files/30f3919cb5cab38b0d1852b075883e0e8ae42c9730e213e5f3fbab7942bb1c34 [none]
[debug] [2022-12-02T13:23:41.446Z] >>> [apiv2][body] POST https://upload-firebasehosting.googleapis.com/upload/sites/selby-78bd2/versions/51840a67b0442c20/files/30f3919cb5cab38b0d1852b075883e0e8ae42c9730e213e5f3fbab7942bb1c34 [stream]
[debug] [2022-12-02T13:23:41.448Z] >>> [apiv2][query] POST https://upload-firebasehosting.googleapis.com/upload/sites/selby-78bd2/versions/51840a67b0442c20/files/9a454d157c52671d61262d235d024c9b3b281b325ae7d7bf5e5ed16034f11507 [none]
[debug] [2022-12-02T13:23:41.448Z] >>> [apiv2][body] POST https://upload-firebasehosting.googleapis.com/upload/sites/selby-78bd2/versions/51840a67b0442c20/files/9a454d157c52671d61262d235d024c9b3b281b325ae7d7bf5e5ed16034f11507 [stream]
[debug] [2022-12-02T13:23:41.449Z] >>> [apiv2][query] POST https://upload-firebasehosting.googleapis.com/upload/sites/selby-78bd2/versions/51840a67b0442c20/files/aff3449bdc238776f5d6d967f19ec491b36aed5fb7f23ccff6500736fd58494a [none]
[debug] [2022-12-02T13:23:41.450Z] >>> [apiv2][body] POST https://upload-firebasehosting.googleapis.com/upload/sites/selby-78bd2/versions/51840a67b0442c20/files/aff3449bdc238776f5d6d967f19ec491b36aed5fb7f23ccff6500736fd58494a [stream]
[debug] [2022-12-02T13:23:41.451Z] >>> [apiv2][query] POST https://upload-firebasehosting.googleapis.com/upload/sites/selby-78bd2/versions/51840a67b0442c20/files/bd8e464ecb80e9e8c4bda61a2e724ef99e97883098fa18f0704bc54c7854e9ff [none]
[debug] [2022-12-02T13:23:41.451Z] >>> [apiv2][body] POST https://upload-firebasehosting.googleapis.com/upload/sites/selby-78bd2/versions/51840a67b0442c20/files/bd8e464ecb80e9e8c4bda61a2e724ef99e97883098fa18f0704bc54c7854e9ff [stream]
[debug] [2022-12-02T13:23:41.452Z] >>> [apiv2][query] POST https://upload-firebasehosting.googleapis.com/upload/sites/selby-78bd2/versions/51840a67b0442c20/files/f621b4e7f4e61953028a8d52b85cfaaac237bfffcb40034341de36786ecc3b16 [none]
[debug] [2022-12-02T13:23:41.452Z] >>> [apiv2][body] POST https://upload-firebasehosting.googleapis.com/upload/sites/selby-78bd2/versions/51840a67b0442c20/files/f621b4e7f4e61953028a8d52b85cfaaac237bfffcb40034341de36786ecc3b16 [stream]
[debug] [2022-12-02T13:23:41.456Z] >>> [apiv2][query] POST https://upload-firebasehosting.googleapis.com/upload/sites/selby-78bd2/versions/51840a67b0442c20/files/bfe106a3fb878dc83461c86818bf74fc1bdc7f28538ba613cd3e775516ce8b49 [none]
[debug] [2022-12-02T13:23:41.456Z] >>> [apiv2][body] POST https://upload-firebasehosting.googleapis.com/upload/sites/selby-78bd2/versions/51840a67b0442c20/files/bfe106a3fb878dc83461c86818bf74fc1bdc7f28538ba613cd3e775516ce8b49 [stream]
[debug] [2022-12-02T13:23:41.457Z] >>> [apiv2][query] POST https://upload-firebasehosting.googleapis.com/upload/sites/selby-78bd2/versions/51840a67b0442c20/files/27f3f5308f78322361ac1b2baebbc46f4571fa8d89068d6edbc0afa44e9bfaff [none]
[debug] [2022-12-02T13:23:41.457Z] >>> [apiv2][body] POST https://upload-firebasehosting.googleapis.com/upload/sites/selby-78bd2/versions/51840a67b0442c20/files/27f3f5308f78322361ac1b2baebbc46f4571fa8d89068d6edbc0afa44e9bfaff [stream]
[debug] [2022-12-02T13:23:41.458Z] >>> [apiv2][query] POST https://upload-firebasehosting.googleapis.com/upload/sites/selby-78bd2/versions/51840a67b0442c20/files/63f98b5762dde9d5d283a4c43349080aec2b4996fdb40765f970c73df24b515f [none]
[debug] [2022-12-02T13:23:41.458Z] >>> [apiv2][body] POST https://upload-firebasehosting.googleapis.com/upload/sites/selby-78bd2/versions/51840a67b0442c20/files/63f98b5762dde9d5d283a4c43349080aec2b4996fdb40765f970c73df24b515f [stream]
[debug] [2022-12-02T13:23:41.459Z] [hosting][populate queue][FINAL] {"max":2399,"min":2399,"avg":2399,"active":0,"complete":1,"success":1,"errored":0,"retried":0,"total":1,"elapsed":2431}
[debug] [2022-12-02T13:23:41.460Z] [hosting] uploads queued: 17
[debug] [2022-12-02T13:23:43.968Z] <<< [apiv2][status] POST https://upload-firebasehosting.googleapis.com/upload/sites/selby-78bd2/versions/51840a67b0442c20/files/ad784e1bbf68d53d1d92424f115f5b583614fbf174e5c8ea5689008d9caa6185 200
[debug] [2022-12-02T13:23:43.968Z] <<< [apiv2][body] POST https://upload-firebasehosting.googleapis.com/upload/sites/selby-78bd2/versions/51840a67b0442c20/files/ad784e1bbf68d53d1d92424f115f5b583614fbf174e5c8ea5689008d9caa6185 [stream]
[debug] [2022-12-02T13:23:43.971Z] <<< [apiv2][status] POST https://upload-firebasehosting.googleapis.com/upload/sites/selby-78bd2/versions/51840a67b0442c20/files/bfe106a3fb878dc83461c86818bf74fc1bdc7f28538ba613cd3e775516ce8b49 200
[debug] [2022-12-02T13:23:43.971Z] <<< [apiv2][body] POST https://upload-firebasehosting.googleapis.com/upload/sites/selby-78bd2/versions/51840a67b0442c20/files/bfe106a3fb878dc83461c86818bf74fc1bdc7f28538ba613cd3e775516ce8b49 [stream]
[debug] [2022-12-02T13:23:43.976Z] <<< [apiv2][status] POST https://upload-firebasehosting.googleapis.com/upload/sites/selby-78bd2/versions/51840a67b0442c20/files/27f3f5308f78322361ac1b2baebbc46f4571fa8d89068d6edbc0afa44e9bfaff 200
[debug] [2022-12-02T13:23:43.976Z] <<< [apiv2][body] POST https://upload-firebasehosting.googleapis.com/upload/sites/selby-78bd2/versions/51840a67b0442c20/files/27f3f5308f78322361ac1b2baebbc46f4571fa8d89068d6edbc0afa44e9bfaff [stream]
[debug] [2022-12-02T13:23:43.979Z] <<< [apiv2][status] POST https://upload-firebasehosting.googleapis.com/upload/sites/selby-78bd2/versions/51840a67b0442c20/files/0c5b268c2f616948a5bd2ecc91f568658837748a8f1ef5b8d5b7f196a2b903e4 200
[debug] [2022-12-02T13:23:43.980Z] <<< [apiv2][body] POST https://upload-firebasehosting.googleapis.com/upload/sites/selby-78bd2/versions/51840a67b0442c20/files/0c5b268c2f616948a5bd2ecc91f568658837748a8f1ef5b8d5b7f196a2b903e4 [stream]
[debug] [2022-12-02T13:23:43.987Z] <<< [apiv2][status] POST https://upload-firebasehosting.googleapis.com/upload/sites/selby-78bd2/versions/51840a67b0442c20/files/f621b4e7f4e61953028a8d52b85cfaaac237bfffcb40034341de36786ecc3b16 200
[debug] [2022-12-02T13:23:43.988Z] <<< [apiv2][body] POST https://upload-firebasehosting.googleapis.com/upload/sites/selby-78bd2/versions/51840a67b0442c20/files/f621b4e7f4e61953028a8d52b85cfaaac237bfffcb40034341de36786ecc3b16 [stream]
[debug] [2022-12-02T13:23:44.534Z] <<< [apiv2][status] POST https://upload-firebasehosting.googleapis.com/upload/sites/selby-78bd2/versions/51840a67b0442c20/files/82c9a7a5030088f5502d14c646da3cff9e85e95457a78789a30fcc6c021d57eb 200
[debug] [2022-12-02T13:23:44.534Z] <<< [apiv2][body] POST https://upload-firebasehosting.googleapis.com/upload/sites/selby-78bd2/versions/51840a67b0442c20/files/82c9a7a5030088f5502d14c646da3cff9e85e95457a78789a30fcc6c021d57eb [stream]
[debug] [2022-12-02T13:23:44.537Z] <<< [apiv2][status] POST https://upload-firebasehosting.googleapis.com/upload/sites/selby-78bd2/versions/51840a67b0442c20/files/30f3919cb5cab38b0d1852b075883e0e8ae42c9730e213e5f3fbab7942bb1c34 200
[debug] [2022-12-02T13:23:44.537Z] <<< [apiv2][body] POST https://upload-firebasehosting.googleapis.com/upload/sites/selby-78bd2/versions/51840a67b0442c20/files/30f3919cb5cab38b0d1852b075883e0e8ae42c9730e213e5f3fbab7942bb1c34 [stream]
[debug] [2022-12-02T13:23:44.540Z] <<< [apiv2][status] POST https://upload-firebasehosting.googleapis.com/upload/sites/selby-78bd2/versions/51840a67b0442c20/files/d835b5152f1150a645f13adea7a2319415949f828dc3f08cb509d261a290d4e2 200
[debug] [2022-12-02T13:23:44.541Z] <<< [apiv2][body] POST https://upload-firebasehosting.googleapis.com/upload/sites/selby-78bd2/versions/51840a67b0442c20/files/d835b5152f1150a645f13adea7a2319415949f828dc3f08cb509d261a290d4e2 [stream]
[debug] [2022-12-02T13:23:44.989Z] <<< [apiv2][status] POST https://upload-firebasehosting.googleapis.com/upload/sites/selby-78bd2/versions/51840a67b0442c20/files/ee7e2f3fdb8209c4b6fd7bef6ba50d1b9dba30a25bb5c3126df057e1cb6f5331 200
[debug] [2022-12-02T13:23:44.989Z] <<< [apiv2][body] POST https://upload-firebasehosting.googleapis.com/upload/sites/selby-78bd2/versions/51840a67b0442c20/files/ee7e2f3fdb8209c4b6fd7bef6ba50d1b9dba30a25bb5c3126df057e1cb6f5331 [stream]
[debug] [2022-12-02T13:23:44.990Z] <<< [apiv2][status] POST https://upload-firebasehosting.googleapis.com/upload/sites/selby-78bd2/versions/51840a67b0442c20/files/f3a340fe926912236806841d6171af8a0df5c89c22e448afcd3535256b531083 200
[debug] [2022-12-02T13:23:44.991Z] <<< [apiv2][body] POST https://upload-firebasehosting.googleapis.com/upload/sites/selby-78bd2/versions/51840a67b0442c20/files/f3a340fe926912236806841d6171af8a0df5c89c22e448afcd3535256b531083 [stream]
[debug] [2022-12-02T13:23:45.175Z] <<< [apiv2][status] POST https://upload-firebasehosting.googleapis.com/upload/sites/selby-78bd2/versions/51840a67b0442c20/files/b58816611f8cbafe31df0a9080df2133725ba7b74606b46269d4b1b25ca62108 200
[debug] [2022-12-02T13:23:45.176Z] <<< [apiv2][body] POST https://upload-firebasehosting.googleapis.com/upload/sites/selby-78bd2/versions/51840a67b0442c20/files/b58816611f8cbafe31df0a9080df2133725ba7b74606b46269d4b1b25ca62108 [stream]
[debug] [2022-12-02T13:23:45.196Z] <<< [apiv2][status] POST https://upload-firebasehosting.googleapis.com/upload/sites/selby-78bd2/versions/51840a67b0442c20/files/9a454d157c52671d61262d235d024c9b3b281b325ae7d7bf5e5ed16034f11507 200
[debug] [2022-12-02T13:23:45.197Z] <<< [apiv2][body] POST https://upload-firebasehosting.googleapis.com/upload/sites/selby-78bd2/versions/51840a67b0442c20/files/9a454d157c52671d61262d235d024c9b3b281b325ae7d7bf5e5ed16034f11507 [stream]
[debug] [2022-12-02T13:23:45.783Z] <<< [apiv2][status] POST https://upload-firebasehosting.googleapis.com/upload/sites/selby-78bd2/versions/51840a67b0442c20/files/aff3449bdc238776f5d6d967f19ec491b36aed5fb7f23ccff6500736fd58494a 200
[debug] [2022-12-02T13:23:45.784Z] <<< [apiv2][body] POST https://upload-firebasehosting.googleapis.com/upload/sites/selby-78bd2/versions/51840a67b0442c20/files/aff3449bdc238776f5d6d967f19ec491b36aed5fb7f23ccff6500736fd58494a [stream]
[debug] [2022-12-02T13:23:45.789Z] <<< [apiv2][status] POST https://upload-firebasehosting.googleapis.com/upload/sites/selby-78bd2/versions/51840a67b0442c20/files/9915abe348d2093c57fe51239fd48a380b770b6148bc36ec4dfd16aa62f3d3c3 200
[debug] [2022-12-02T13:23:45.790Z] <<< [apiv2][body] POST https://upload-firebasehosting.googleapis.com/upload/sites/selby-78bd2/versions/51840a67b0442c20/files/9915abe348d2093c57fe51239fd48a380b770b6148bc36ec4dfd16aa62f3d3c3 [stream]
[debug] [2022-12-02T13:23:53.220Z] <<< [apiv2][status] POST https://upload-firebasehosting.googleapis.com/upload/sites/selby-78bd2/versions/51840a67b0442c20/files/bd8e464ecb80e9e8c4bda61a2e724ef99e97883098fa18f0704bc54c7854e9ff 200
[debug] [2022-12-02T13:23:53.221Z] <<< [apiv2][body] POST https://upload-firebasehosting.googleapis.com/upload/sites/selby-78bd2/versions/51840a67b0442c20/files/bd8e464ecb80e9e8c4bda61a2e724ef99e97883098fa18f0704bc54c7854e9ff [stream]
[debug] [2022-12-02T13:24:03.803Z] <<< [apiv2][status] POST https://upload-firebasehosting.googleapis.com/upload/sites/selby-78bd2/versions/51840a67b0442c20/files/3ee59515172ee198f3be375979df15ac5345183e656720a381b8872b2a39dc8b 200
[debug] [2022-12-02T13:24:03.804Z] <<< [apiv2][body] POST https://upload-firebasehosting.googleapis.com/upload/sites/selby-78bd2/versions/51840a67b0442c20/files/3ee59515172ee198f3be375979df15ac5345183e656720a381b8872b2a39dc8b [stream]
[debug] [2022-12-02T13:24:30.219Z] <<< [apiv2][status] POST https://upload-firebasehosting.googleapis.com/upload/sites/selby-78bd2/versions/51840a67b0442c20/files/63f98b5762dde9d5d283a4c43349080aec2b4996fdb40765f970c73df24b515f 200
[debug] [2022-12-02T13:24:30.220Z] <<< [apiv2][body] POST https://upload-firebasehosting.googleapis.com/upload/sites/selby-78bd2/versions/51840a67b0442c20/files/63f98b5762dde9d5d283a4c43349080aec2b4996fdb40765f970c73df24b515f [stream]
[debug] [2022-12-02T13:24:30.221Z] [hosting][upload queue][FINAL] {"max":48793,"min":2545,"avg":7558.941176470588,"active":0,"complete":17,"success":17,"errored":0,"retried":0,"total":17,"elapsed":48807}
[info] +  hosting[selby-78bd2]: file upload complete 
[debug] [2022-12-02T13:24:30.230Z] [hosting] deploy completed after 51701ms
[debug] [2022-12-02T13:24:30.249Z] [
  {
    "config": {
      "public": "build",
      "ignore": [
        "firebase.json",
        "**/.*",
        "**/node_modules/**"
      ],
      "rewrites": [
        {
          "source": "**",
          "destination": "/index.html"
        }
      ],
      "site": "selby-78bd2"
    },
    "version": "projects/635339043858/sites/selby-78bd2/versions/51840a67b0442c20"
  }
]
[info] i  hosting[selby-78bd2]: finalizing version... 
[debug] [2022-12-02T13:24:30.261Z] >>> [apiv2][query] PATCH https://firebasehosting.googleapis.com/v1beta1/projects/-/sites/selby-78bd2/versions/51840a67b0442c20 updateMask=status%2Cconfig
[debug] [2022-12-02T13:24:30.261Z] >>> [apiv2][body] PATCH https://firebasehosting.googleapis.com/v1beta1/projects/-/sites/selby-78bd2/versions/51840a67b0442c20 {"status":"FINALIZED","config":{"rewrites":[{"glob":"**","path":"/index.html"}]}}
[debug] [2022-12-02T13:24:31.690Z] <<< [apiv2][status] PATCH https://firebasehosting.googleapis.com/v1beta1/projects/-/sites/selby-78bd2/versions/51840a67b0442c20 200
[debug] [2022-12-02T13:24:31.690Z] <<< [apiv2][body] PATCH https://firebasehosting.googleapis.com/v1beta1/projects/-/sites/selby-78bd2/versions/51840a67b0442c20 {"name":"projects/635339043858/sites/selby-78bd2/versions/51840a67b0442c20","status":"FINALIZED","config":{"rewrites":[{"glob":"**","path":"/index.html"}]},"labels":{"deployment-tool":"cli-firebase"},"createTime":"2022-12-02T13:23:37.748336Z","createUser":{"email":"ahmednafisa11@gmail.com"},"finalizeTime":"2022-12-02T13:24:31.488865Z","finalizeUser":{"email":"ahmednafisa11@gmail.com"}}
[debug] [2022-12-02T13:24:31.691Z] [hosting] finalized version for selby-78bd2:[object Object]
[info] +  hosting[selby-78bd2]: version finalized 
[info] i  hosting[selby-78bd2]: releasing new version... 
[debug] [2022-12-02T13:24:31.701Z] >>> [apiv2][query] POST https://firebasehosting.googleapis.com/v1beta1/projects/-/sites/selby-78bd2/channels/live/releases versionName=projects%2F635339043858%2Fsites%2Fselby-78bd2%2Fversions%2F51840a67b0442c20
[debug] [2022-12-02T13:24:31.704Z] >>> [apiv2][body] POST https://firebasehosting.googleapis.com/v1beta1/projects/-/sites/selby-78bd2/channels/live/releases {}
[debug] [2022-12-02T13:24:32.723Z] <<< [apiv2][status] POST https://firebasehosting.googleapis.com/v1beta1/projects/-/sites/selby-78bd2/channels/live/releases 200
[debug] [2022-12-02T13:24:32.724Z] <<< [apiv2][body] POST https://firebasehosting.googleapis.com/v1beta1/projects/-/sites/selby-78bd2/channels/live/releases {"name":"projects/635339043858/sites/selby-78bd2/channels/live/releases/1669987471922108","version":{"name":"projects/635339043858/sites/selby-78bd2/versions/51840a67b0442c20","status":"FINALIZED","config":{"rewrites":[{"glob":"**","path":"/index.html"}]},"labels":{"deployment-tool":"cli-firebase"},"createTime":"2022-12-02T13:23:37.748336Z","createUser":{"email":"ahmednafisa11@gmail.com","imageUrl":"https://lh3.googleusercontent.com/a/ALm5wu3-_GpkY0lg6OmfoNrE2ezTczm7ekjqWns_JIB3_Q"},"finalizeTime":"2022-12-02T13:24:31.488865Z","finalizeUser":{"email":"ahmednafisa11@gmail.com","imageUrl":"https://lh3.googleusercontent.com/a/ALm5wu3-_GpkY0lg6OmfoNrE2ezTczm7ekjqWns_JIB3_Q"}},"type":"DEPLOY","releaseTime":"2022-12-02T13:24:31.922108458Z","releaseUser":{"email":"ahmednafisa11@gmail.com","imageUrl":"https://lh3.googleusercontent.com/a/ALm5wu3-_GpkY0lg6OmfoNrE2ezTczm7ekjqWns_JIB3_Q"}}
[debug] [2022-12-02T13:24:32.725Z] [hosting] release: {"name":"projects/635339043858/sites/selby-78bd2/channels/live/releases/1669987471922108","version":{"name":"projects/635339043858/sites/selby-78bd2/versions/51840a67b0442c20","status":"FINALIZED","config":{"rewrites":[{"glob":"**","path":"/index.html"}]},"labels":{"deployment-tool":"cli-firebase"},"createTime":"2022-12-02T13:23:37.748336Z","createUser":{"email":"ahmednafisa11@gmail.com","imageUrl":"https://lh3.googleusercontent.com/a/ALm5wu3-_GpkY0lg6OmfoNrE2ezTczm7ekjqWns_JIB3_Q"},"finalizeTime":"2022-12-02T13:24:31.488865Z","finalizeUser":{"email":"ahmednafisa11@gmail.com","imageUrl":"https://lh3.googleusercontent.com/a/ALm5wu3-_GpkY0lg6OmfoNrE2ezTczm7ekjqWns_JIB3_Q"}},"type":"DEPLOY","releaseTime":"2022-12-02T13:24:31.922108458Z","releaseUser":{"email":"ahmednafisa11@gmail.com","imageUrl":"https://lh3.googleusercontent.com/a/ALm5wu3-_GpkY0lg6OmfoNrE2ezTczm7ekjqWns_JIB3_Q"}}
[info] +  hosting[selby-78bd2]: release complete 
[info] 
[info] +  Deploy complete! 
[info] 
[info] Project Console: https://console.firebase.google.com/project/selby-78bd2/overview
[info] Hosting URL: https://selby-78bd2.web.app
[debug] [2022-12-02T13:24:41.188Z] Error: Timed out.
    at Timeout._onTimeout (C:\Users\user\AppData\Roaming\npm\node_modules\firebase-tools\lib\utils.js:253:49)
    at listOnTimeout (node:internal/timers:559:17)
    at processTimers (node:internal/timers:502:7)
[error] 
[error] Error: An unexpected error has occurred.
